<?xml version="1.0" encoding="UTF-8"?>
<!-- Generated by org.testng.reporters.JUnitXMLReporter -->
<testsuite ignored="0" hostname="DESKTOP-6O7KHCA" failures="0" tests="3" name="ITI.Project" time="12.507" errors="0" timestamp="2023-06-26T14:04:50 EET">
  <testcase classname="Tests.ChangePasswordTest" name="userCanRegisterSuccessfully" time="3.698"/>
  <testcase classname="Tests.ChangePasswordTest" name="userCanLoginSuccessfully" time="1.055"/>
  <testcase classname="Tests.ChangePasswordTest" name="userCanChangePasswordSuccessfully" time="1.898"/>
</testsuite> <!-- ITI.Project -->
